0 info it worked if it ends with ok
1 verbose cli [ '/usr/bin/node', '/usr/bin/npm', 'install' ]
2 info using npm@1.4.28
3 info using node@v0.10.33
4 verbose node symlink /usr/bin/node
5 verbose readDependencies using package.json deps
6 verbose install where, deps [ '/home/abhishek/Documents/final_apps/policy',
6 verbose install   [ 'express',
6 verbose install     'express-session',
6 verbose install     'body-parser',
6 verbose install     'cookie-parser',
6 verbose install     'compression',
6 verbose install     'method-override',
6 verbose install     'morgan',
6 verbose install     'connect-mongo',
6 verbose install     'connect-flash',
6 verbose install     'helmet',
6 verbose install     'consolidate',
6 verbose install     'swig',
6 verbose install     'mongoose',
6 verbose install     'passport',
6 verbose install     'passport-local',
6 verbose install     'passport-facebook',
6 verbose install     'passport-twitter',
6 verbose install     'passport-linkedin',
6 verbose install     'passport-google-oauth',
6 verbose install     'passport-github',
6 verbose install     'lodash',
6 verbose install     'forever',
6 verbose install     'bower',
6 verbose install     'grunt-cli',
6 verbose install     'glob',
6 verbose install     'async',
6 verbose install     'nodemailer',
6 verbose install     'chalk',
6 verbose install     'supertest',
6 verbose install     'should',
6 verbose install     'grunt-env',
6 verbose install     'grunt-node-inspector',
6 verbose install     'grunt-contrib-watch',
6 verbose install     'grunt-contrib-jshint',
6 verbose install     'grunt-contrib-csslint',
6 verbose install     'grunt-ng-annotate',
6 verbose install     'grunt-contrib-uglify',
6 verbose install     'grunt-contrib-cssmin',
6 verbose install     'grunt-nodemon',
6 verbose install     'grunt-concurrent',
6 verbose install     'grunt-mocha-test',
6 verbose install     'grunt-karma',
6 verbose install     'load-grunt-tasks',
6 verbose install     'karma',
6 verbose install     'karma-jasmine',
6 verbose install     'karma-coverage',
6 verbose install     'karma-chrome-launcher',
6 verbose install     'karma-firefox-launcher',
6 verbose install     'karma-phantomjs-launcher' ] ]
7 info preinstall meanjs@0.3.3
8 warn package.json express@4.10.8 No README data
9 warn package.json karma-coverage@0.2.7 No README data
10 warn package.json should@4.1.0 No README data
11 verbose readDependencies using package.json deps
12 verbose already installed skipping cookie-parser@~1.3.2 /home/abhishek/Documents/final_apps/policy
13 verbose already installed skipping compression@~1.2.0 /home/abhishek/Documents/final_apps/policy
14 verbose already installed skipping method-override@~2.3.0 /home/abhishek/Documents/final_apps/policy
15 verbose already installed skipping morgan@~1.4.1 /home/abhishek/Documents/final_apps/policy
16 verbose already installed skipping connect-mongo@~0.4.1 /home/abhishek/Documents/final_apps/policy
17 verbose already installed skipping connect-flash@~0.1.1 /home/abhishek/Documents/final_apps/policy
18 verbose already installed skipping helmet@~0.5.0 /home/abhishek/Documents/final_apps/policy
19 verbose already installed skipping consolidate@~0.10.0 /home/abhishek/Documents/final_apps/policy
20 verbose already installed skipping swig@~1.4.1 /home/abhishek/Documents/final_apps/policy
21 verbose already installed skipping mongoose@~3.8.8 /home/abhishek/Documents/final_apps/policy
22 verbose already installed skipping passport@~0.2.0 /home/abhishek/Documents/final_apps/policy
23 verbose already installed skipping passport-local@~1.0.0 /home/abhishek/Documents/final_apps/policy
24 verbose already installed skipping passport-facebook@~1.0.2 /home/abhishek/Documents/final_apps/policy
25 verbose already installed skipping passport-twitter@~1.0.2 /home/abhishek/Documents/final_apps/policy
26 verbose already installed skipping passport-linkedin@~0.1.3 /home/abhishek/Documents/final_apps/policy
27 verbose already installed skipping passport-google-oauth@~0.1.5 /home/abhishek/Documents/final_apps/policy
28 verbose already installed skipping passport-github@~0.1.5 /home/abhishek/Documents/final_apps/policy
29 verbose already installed skipping lodash@~2.4.1 /home/abhishek/Documents/final_apps/policy
30 verbose already installed skipping forever@~0.11.0 /home/abhishek/Documents/final_apps/policy
31 verbose already installed skipping bower@~1.3.8 /home/abhishek/Documents/final_apps/policy
32 verbose already installed skipping grunt-cli@~0.1.13 /home/abhishek/Documents/final_apps/policy
33 verbose already installed skipping glob@~4.0.5 /home/abhishek/Documents/final_apps/policy
34 verbose already installed skipping async@~0.9.0 /home/abhishek/Documents/final_apps/policy
35 verbose already installed skipping nodemailer@~1.3.0 /home/abhishek/Documents/final_apps/policy
36 verbose already installed skipping chalk@~1.0.0 /home/abhishek/Documents/final_apps/policy
37 verbose already installed skipping supertest@~0.14.0 /home/abhishek/Documents/final_apps/policy
38 verbose already installed skipping should@~4.1.0 /home/abhishek/Documents/final_apps/policy
39 verbose already installed skipping grunt-env@~0.4.1 /home/abhishek/Documents/final_apps/policy
40 verbose already installed skipping grunt-node-inspector@~0.1.3 /home/abhishek/Documents/final_apps/policy
41 verbose already installed skipping grunt-contrib-watch@~0.6.1 /home/abhishek/Documents/final_apps/policy
42 verbose already installed skipping grunt-contrib-jshint@~0.10.0 /home/abhishek/Documents/final_apps/policy
43 verbose already installed skipping grunt-contrib-csslint@^0.3.1 /home/abhishek/Documents/final_apps/policy
44 verbose already installed skipping grunt-ng-annotate@~0.4.0 /home/abhishek/Documents/final_apps/policy
45 verbose already installed skipping grunt-contrib-uglify@~0.6.0 /home/abhishek/Documents/final_apps/policy
46 verbose already installed skipping grunt-contrib-cssmin@~0.10.0 /home/abhishek/Documents/final_apps/policy
47 verbose already installed skipping grunt-nodemon@~0.3.0 /home/abhishek/Documents/final_apps/policy
48 verbose already installed skipping grunt-concurrent@~1.0.0 /home/abhishek/Documents/final_apps/policy
49 verbose already installed skipping grunt-mocha-test@~0.12.1 /home/abhishek/Documents/final_apps/policy
50 verbose already installed skipping grunt-karma@~0.9.0 /home/abhishek/Documents/final_apps/policy
51 verbose already installed skipping load-grunt-tasks@~1.0.0 /home/abhishek/Documents/final_apps/policy
52 verbose already installed skipping karma@~0.12.0 /home/abhishek/Documents/final_apps/policy
53 verbose already installed skipping karma-jasmine@~0.2.1 /home/abhishek/Documents/final_apps/policy
54 verbose already installed skipping karma-coverage@~0.2.0 /home/abhishek/Documents/final_apps/policy
55 verbose already installed skipping karma-chrome-launcher@~0.1.2 /home/abhishek/Documents/final_apps/policy
56 verbose already installed skipping karma-firefox-launcher@~0.1.3 /home/abhishek/Documents/final_apps/policy
57 verbose already installed skipping karma-phantomjs-launcher@~0.1.2 /home/abhishek/Documents/final_apps/policy
58 verbose already installed skipping express@~4.10.1 /home/abhishek/Documents/final_apps/policy
59 verbose already installed skipping express-session@~1.9.1 /home/abhishek/Documents/final_apps/policy
60 verbose already installed skipping body-parser@~1.9.0 /home/abhishek/Documents/final_apps/policy
61 silly resolved []
62 info build /home/abhishek/Documents/final_apps/policy
63 verbose linkStuff [ false, false, false, '/home/abhishek/Documents/final_apps' ]
64 info linkStuff meanjs@0.3.3
65 verbose linkBins meanjs@0.3.3
66 verbose linkMans meanjs@0.3.3
67 verbose rebuildBundles meanjs@0.3.3
68 verbose rebuildBundles [ 'async',
68 verbose rebuildBundles   'body-parser',
68 verbose rebuildBundles   'bower',
68 verbose rebuildBundles   'chalk',
68 verbose rebuildBundles   'compression',
68 verbose rebuildBundles   'connect-flash',
68 verbose rebuildBundles   'connect-mongo',
68 verbose rebuildBundles   'consolidate',
68 verbose rebuildBundles   'cookie-parser',
68 verbose rebuildBundles   'express',
68 verbose rebuildBundles   'express-session',
68 verbose rebuildBundles   'forever',
68 verbose rebuildBundles   'glob',
68 verbose rebuildBundles   'grunt-cli',
68 verbose rebuildBundles   'grunt-concurrent',
68 verbose rebuildBundles   'grunt-contrib-csslint',
68 verbose rebuildBundles   'grunt-contrib-cssmin',
68 verbose rebuildBundles   'grunt-contrib-jshint',
68 verbose rebuildBundles   'grunt-contrib-uglify',
68 verbose rebuildBundles   'grunt-contrib-watch',
68 verbose rebuildBundles   'grunt-env',
68 verbose rebuildBundles   'grunt-karma',
68 verbose rebuildBundles   'grunt-mocha-test',
68 verbose rebuildBundles   'grunt-ng-annotate',
68 verbose rebuildBundles   'grunt-node-inspector',
68 verbose rebuildBundles   'grunt-nodemon',
68 verbose rebuildBundles   'helmet',
68 verbose rebuildBundles   'karma',
68 verbose rebuildBundles   'karma-chrome-launcher',
68 verbose rebuildBundles   'karma-coverage',
68 verbose rebuildBundles   'karma-firefox-launcher',
68 verbose rebuildBundles   'karma-jasmine',
68 verbose rebuildBundles   'karma-phantomjs-launcher',
68 verbose rebuildBundles   'load-grunt-tasks',
68 verbose rebuildBundles   'lodash',
68 verbose rebuildBundles   'method-override',
68 verbose rebuildBundles   'mongoose',
68 verbose rebuildBundles   'morgan',
68 verbose rebuildBundles   'nodemailer',
68 verbose rebuildBundles   'passport',
68 verbose rebuildBundles   'passport-facebook',
68 verbose rebuildBundles   'passport-github',
68 verbose rebuildBundles   'passport-google-oauth',
68 verbose rebuildBundles   'passport-linkedin',
68 verbose rebuildBundles   'passport-local',
68 verbose rebuildBundles   'passport-twitter',
68 verbose rebuildBundles   'should',
68 verbose rebuildBundles   'supertest',
68 verbose rebuildBundles   'swig' ]
69 info install meanjs@0.3.3
70 info postinstall meanjs@0.3.3
71 verbose unsafe-perm in lifecycle true
72 info meanjs@0.3.3 Failed to exec postinstall script
73 error meanjs@0.3.3 postinstall: `bower install --config.interactive=false`
73 error Exit status 1
74 error Failed at the meanjs@0.3.3 postinstall script.
74 error This is most likely a problem with the meanjs package,
74 error not with npm itself.
74 error Tell the author that this fails on your system:
74 error     bower install --config.interactive=false
74 error You can get their info via:
74 error     npm owner ls meanjs
74 error There is likely additional logging output above.
75 error System Linux 3.13.0-45-generic
76 error command "/usr/bin/node" "/usr/bin/npm" "install"
77 error cwd /home/abhishek/Documents/final_apps/policy
78 error node -v v0.10.33
79 error npm -v 1.4.28
80 error code ELIFECYCLE
81 verbose exit [ 1, true ]
